Build started 2017-05-09 오후 12:52:16.
     1>Project "C:\Users\kookh\Desktop\git\bank_account3\bank_account3\bank_account3.vcxproj" on node 2 (Build target(s)).
     1>ClCompile:
         C:\Program Files (x86)\Microsoft Visual Studio 12.0\VC\bin\CL.exe /c /ZI /nologo /W3 /WX- /Od /Oy- /D WIN32 /D _DEBUG /D _CONSOLE /D _LIB /D _UNICODE /D UNICODE /Gm /EHsc /RTC1 /MDd /GS /fp:precise /Zc:wchar_t /Zc:forScope /Fo"Debug\\" /Fd"Debug\vc120.pdb" /Gd /TP /analyze- /errorReport:prompt Account.cpp BankingSystemMain.cpp
         BankingSystemMain.cpp
         Account.cpp
     1>c:\users\kookh\desktop\git\bank_account3\bank_account3\account.cpp(8): warning C4996: 'strcpy': This function or variable may be unsafe. Consider using strcpy_s instead. To disable deprecation, use _CRT_SECURE_NO_WARNINGS. See online help for details.
                 c:\program files (x86)\microsoft visual studio 12.0\vc\include\string.h(112) : see declaration of 'strcpy'
     1>c:\users\kookh\desktop\git\bank_account3\bank_account3\account.cpp(15): warning C4996: 'strcpy': This function or variable may be unsafe. Consider using strcpy_s instead. To disable deprecation, use _CRT_SECURE_NO_WARNINGS. See online help for details.
                 c:\program files (x86)\microsoft visual studio 12.0\vc\include\string.h(112) : see declaration of 'strcpy'
         Generating Code...
       Link:
         C:\Program Files (x86)\Microsoft Visual Studio 12.0\VC\bin\link.exe /ERRORREPORT:PROMPT /OUT:"C:\Users\kookh\Desktop\git\bank_account3\Debug\bank_account3.exe" /INCREMENTAL /NOLOGO kernel32.lib user32.lib gdi32.lib winspool.lib comdlg32.lib advapi32.lib shell32.lib ole32.lib oleaut32.lib uuid.lib odbc32.lib odbccp32.lib /MANIFEST /MANIFESTUAC:"level='asInvoker' uiAccess='false'" /manifest:embed /DEBUG /PDB:"C:\Users\kookh\Desktop\git\bank_account3\Debug\bank_account3.pdb" /SUBSYSTEM:CONSOLE /TLBID:1 /DYNAMICBASE /NXCOMPAT /IMPLIB:"C:\Users\kookh\Desktop\git\bank_account3\Debug\bank_account3.lib" /MACHINE:X86 Debug\Account.obj
         Debug\AccountHandler.obj
         Debug\BankingSystemMain.obj
         LINK : C:\Users\kookh\Desktop\git\bank_account3\Debug\bank_account3.exe not found or not built by the last incremental link; performing full link
         bank_account3.vcxproj -> C:\Users\kookh\Desktop\git\bank_account3\Debug\bank_account3.exe
     1>Done Building Project "C:\Users\kookh\Desktop\git\bank_account3\bank_account3\bank_account3.vcxproj" (Build target(s)).

Build succeeded.

Time Elapsed 00:00:02.51
